This is pdfTeX, Version 3.14159265-2.6-1.40.16 (TeX Live 2015/Debian) (preloaded format=pdflatex 2018.11.5)  17 NOV 2018 15:22
entering extended mode
 restricted \write18 enabled.
 %&-line parsing enabled.
**caption.ins
(./caption.ins
LaTeX2e <2016/02/01>
Babel <3.9q> and hyphenation patterns for 3 language(s) loaded.
(/usr/share/texlive/texmf-dist/tex/latex/base/docstrip.tex
\blockLevel=\count79
\emptyLines=\count80
\processedLines=\count81
\commentsRemoved=\count82
\commentsPassed=\count83
\codeLinesPassed=\count84
\TotalprocessedLines=\count85
\TotalcommentsRemoved=\count86
\TotalcommentsPassed=\count87
\TotalcodeLinesPassed=\count88
\NumberOfFiles=\count89
\inFile=\read1
\inputcheck=\read2
\off@0=\count90
\off@1=\count91
\off@2=\count92
\off@3=\count93
\off@4=\count94
\off@5=\count95
\off@6=\count96
\off@7=\count97
\off@8=\count98
\off@9=\count99
\off@10=\count100
\off@11=\count101
\off@12=\count102
\off@13=\count103
\off@14=\count104
\off@15=\count105
\@maxfiles=\count106
\@maxoutfiles=\count107

Utility: `docstrip' 2.5e <2014/09/29>
English documentation    <2014/09/29>

**********************************************************
* This program converts documented macro-files into fast *
* loadable files by stripping off (nearly) all comments! *
**********************************************************

********************************************************
* No Configuration file found, using default settings. *
********************************************************

(./caption.ins

Generating file(s) ./caption.sty 
\openout0 = `./caption.sty'.


Processing file caption.dtx (package) -> caption.sty
File caption.dtx ended by \endinput.
Lines  processed: 4912
Comments removed: 3057
Comments  passed: 7
Codelines passed: 1844


Generating file(s) ./caption2.sty 
\openout0 = `./caption2.sty'.


Processing file caption2.dtx (package) -> caption2.sty
File caption2.dtx ended by \endinput.
Lines  processed: 1382
Comments removed: 949
Comments  passed: 0
Codelines passed: 428


Generating file(s) ./caption3.sty 
\openout0 = `./caption3.sty'.


Processing file caption3.dtx (package) -> caption3.sty
File caption3.dtx ended by \endinput.
Lines  processed: 4170
Comments removed: 2336
Comments  passed: 1
Codelines passed: 1829


Generating file(s) ./bicaption.sty 
\openout0 = `./bicaption.sty'.


Processing file bicaption.dtx (package) -> bicaption.sty
File bicaption.dtx ended by \endinput.
Lines  processed: 1316
Comments removed: 1042
Comments  passed: 0
Codelines passed: 270


Generating file(s) ./ltcaption.sty 
\openout0 = `./ltcaption.sty'.


Processing file ltcaption.dtx (package) -> ltcaption.sty
File ltcaption.dtx ended by \endinput.
Lines  processed: 905
Comments removed: 696
Comments  passed: 0
Codelines passed: 205


Generating file(s) ./subcaption.sty 
\openout0 = `./subcaption.sty'.


Processing file subcaption.dtx (package) -> subcaption.sty
File subcaption.dtx ended by \endinput.
Lines  processed: 1175
Comments removed: 1030
Comments  passed: 0
Codelines passed: 141


Generating file(s) ./newfloat.sty 
\openout0 = `./newfloat.sty'.


Processing file newfloat.dtx (package) -> newfloat.sty
File newfloat.dtx ended by \endinput.
Lines  processed: 1827
Comments removed: 1101
Comments  passed: 2
Codelines passed: 720


Generating file(s) ./totalcount.sty 
\openout0 = `./totalcount.sty'.


Processing file totalcount.dtx (package) -> totalcount.sty
File totalcount.dtx ended by \endinput.
Lines  processed: 382
Comments removed: 286
Comments  passed: 0
Codelines passed: 92

***********************************************************
*
* To finish the installation you have to move the files
* `caption.sty', `caption2.sty', 'caption3.sty',
* `bicaption.sty', `ltcaption.sty', `subcaption.sty',
* `newfloat.sty', and `totalcount.sty'
* into a directory searched by TeX.
*
* To produce the documentation run the file
* `caption-eng.tex' (English version) or `caption-rus.tex'
* (Russian version) or `caption-deu.tex' (German version)
* through LaTeX.
*
***********************************************************
)
Overall statistics:
Files  processed: 8
Lines  processed: 16069
Comments removed: 10497
Comments  passed: 10
Codelines passed: 5529
 ) ) 
Here is how much of TeX's memory you used:
 382 strings out of 494953
 4217 string characters out of 6180977
 54409 words of memory out of 5000000
 3753 multiletter control sequences out of 15000+600000
 3640 words of font info for 14 fonts, out of 8000000 for 9000
 14 hyphenation exceptions out of 8191
 15i,0n,15p,286b,120s stack positions out of 5000i,500n,10000p,200000b,80000s

No pages of output.
PDF statistics:
 0 PDF objects out of 1000 (max. 8388607)
 0 named destinations out of 1000 (max. 500000)
 1 words of extra memory for PDF output out of 10000 (max. 10000000)

